<?xml version="1.0" encoding="UTF-8"?>
<testng-results ignored="0" total="1" passed="1" failed="0" skipped="0">
  <reporter-output>
  </reporter-output>
  <suite started-at="2024-03-29T12:17:30Z" name="Suite" finished-at="2024-03-29T12:17:58Z" duration-ms="27901">
    <groups>
    </groups>
    <test started-at="2024-03-29T12:17:30Z" name="Test" finished-at="2024-03-29T12:17:58Z" duration-ms="27901">
      <class name="org.login.Sample">
        <test-method signature="tc01()[pri:0, instance:org.login.Sample@1672fe87]" started-at="2024-03-29T12:17:30Z" name="tc01" finished-at="2024-03-29T12:17:58Z" duration-ms="27838" status="PASS">
          <reporter-output>
          </reporter-output>
        </test-method> <!-- tc01 -->
      </class> <!-- org.login.Sample -->
    </test> <!-- Test -->
  </suite> <!-- Suite -->
</testng-results>
